
> mlbb@0.1.0 build
> next build

info  - Loaded env from D:\Orbital23\mlbb.fyi\.env
info  - Creating an optimized production build...
warn  - Compiled with warnings

./node_modules/cloudinary/lib-es5/utils/index.js
Critical dependency: the request of a dependency is an expression

Import trace for requested module:
./node_modules/cloudinary/lib-es5/utils/index.js
./node_modules/cloudinary/lib-es5/cloudinary.js
./node_modules/cloudinary/cloudinary.js
./app/profile/stg/api/cdn-sign/route.ts

./node_modules/cloudinary/lib/utils/index.js
Critical dependency: the request of a dependency is an expression

Import trace for requested module:
./node_modules/cloudinary/lib/utils/index.js
./node_modules/cloudinary/lib/cloudinary.js
./node_modules/cloudinary/cloudinary.js
./app/profile/stg/api/cdn-sign/route.ts

info  - Linting and checking validity of types...
Failed to compile.

./components/wiki/heroes/hero-info.tsx:12:20
Type error: Property 'details' does not exist on type 'Hero'.

[0m [90m 10 | [39m    {[0m
[0m [90m 11 | [39m      name[33m:[39m [32m"Ability"[39m[33m,[39m[0m
[0m[31m[1m>[22m[39m[90m 12 | [39m      value[33m:[39m hero[33m?[39m[33m.[39mdetails[33m.[39mability[33m,[39m[0m
[0m [90m    | [39m                   [31m[1m^[22m[39m[0m
[0m [90m 13 | [39m    }[33m,[39m[0m
[0m [90m 14 | [39m    {[0m
[0m [90m 15 | [39m      name[33m:[39m [32m"Offense"[39m[33m,[39m[0m
